<?xml version="1.0" encoding="UTF-8"?>
<!-- Generated by org.testng.reporters.JUnitReportReporter -->
<testsuite hostname="US-5CG0272TF9" failures="0" tests="1" name="cucumberOptions.GoogleTestRunner" time="12.540" errors="0" timestamp="2022-02-28T11:10:46 EET" skipped="0">
  <testcase classname="cucumberOptions.GoogleTestRunner" name="runScenario" time="12.540"/>
  <system-out/>
</testsuite> <!-- cucumberOptions.GoogleTestRunner -->
