<?xml version="1.0" encoding="UTF-8"?>
<!-- Generated by org.testng.reporters.JUnitReportReporter -->
<testsuite hostname="US-5CG0272TF9" failures="0" tests="1" name="cucumberOptions.TestRunner" time="14.246" errors="0" timestamp="2022-02-28T10:04:31 EET" skipped="0">
  <testcase classname="cucumberOptions.TestRunner" name="runScenario" time="14.246"/>
  <system-out/>
</testsuite> <!-- cucumberOptions.TestRunner -->
