<?xml version="1.0" encoding="UTF-8"?>
<!-- Generated by org.testng.reporters.JUnitReportReporter -->
<testsuite hostname="US-5CG0272TF9" failures="0" tests="3" name="cucumberOptions.RestAssuredTestRunner" time="5.689" errors="0" timestamp="2022-02-28T10:59:32 EET" skipped="0">
  <testcase classname="cucumberOptions.RestAssuredTestRunner" name="runScenario" time="1.459"/>
  <system-out/>
  <testcase classname="cucumberOptions.RestAssuredTestRunner" name="runScenario" time="0.481"/>
  <system-out/>
  <testcase classname="cucumberOptions.RestAssuredTestRunner" name="runScenario" time="3.749"/>
  <system-out/>
</testsuite> <!-- cucumberOptions.RestAssuredTestRunner -->
